[2022-08-17T12:17:52.302] [WARN] default - /jorgito method GET not yet implemented
[2022-08-17T12:21:52.818] [WARN] default - /$%7Bthumbnail%7D method GET not yet implemented
[2022-08-17T12:27:59.997] [WARN] default - /random method GET not yet implemented
[2022-09-07T10:35:19.018] [WARN] default - /favicon.ico method GET not yet implemented
[2022-09-07T13:06:16.313] [WARN] default - /productos method GET not yet implemented
[2022-09-07T13:06:16.592] [WARN] default - /mensajes method GET not yet implemented
[2022-09-07T13:06:48.028] [WARN] default - /mensajes method GET not yet implemented
[2022-09-07T13:06:48.032] [WARN] default - /productos method GET not yet implemented
[2022-09-07T13:06:58.537] [WARN] default - /productos method GET not yet implemented
[2022-09-07T13:06:58.542] [WARN] default - /mensajes method GET not yet implemented
[2022-09-07T13:07:02.297] [WARN] default - /mensajes method GET not yet implemented
[2022-09-07T13:07:02.302] [WARN] default - /productos method GET not yet implemented
[2022-09-07T13:11:17.163] [WARN] default - /productos method GET not yet implemented
[2022-09-07T13:11:17.481] [WARN] default - /mensajes method GET not yet implemented
[2022-09-07T13:11:18.799] [WARN] default - /productos method GET not yet implemented
[2022-09-07T13:11:18.802] [WARN] default - /mensajes method GET not yet implemented
[2022-09-07T13:11:24.127] [WARN] default - /mensajes method GET not yet implemented
[2022-09-07T13:11:24.130] [WARN] default - /productos method GET not yet implemented
[2022-09-07T13:14:42.918] [WARN] default - /mensajes method GET not yet implemented
[2022-09-07T13:14:43.308] [WARN] default - /productos method GET not yet implemented
[2022-09-13T01:58:06.534] [WARN] default - /favicon.ico method GET not yet implemented
[2022-09-13T11:35:49.721] [WARN] default - /favicon.ico method GET not yet implemented
[2022-09-14T02:22:39.819] [WARN] default - /favicon.ico method GET not yet implemented
[2022-09-14T02:45:00.154] [WARN] default - /undefined method GET not yet implemented
[2022-09-14T02:45:09.529] [WARN] default - /undefined method GET not yet implemented
[2022-09-14T02:45:35.866] [WARN] default - /undefined method GET not yet implemented
[2022-09-26T12:52:31.747] [WARN] default - /api/products method GET not yet implemented
[2022-09-26T12:53:14.525] [WARN] default - /api/products method GET not yet implemented
[2022-10-03T12:06:37.429] [WARN] default - /favicon.ico method GET not yet implemented
[2022-10-15T12:01:40.378] [WARN] default - http://localhost:8080/asd method GET not yet implemented
[2022-10-15T12:07:05.988] [WARN] default - http://localhost:8080/asd method GET not yet implemented
[2022-10-15T12:10:34.904] [WARN] default - http://localhost:8080/info method GET not yet implemented
[2022-10-15T12:11:37.885] [WARN] default - http://localhost:8080/ method GET not yet implemented
[2022-10-15T12:11:38.056] [WARN] default - http://localhost:8080/favicon.ico method GET not yet implemented
[2022-10-15T12:12:02.719] [WARN] default - http://localhost:8080/views method GET not yet implemented
[2022-10-15T12:14:36.299] [WARN] default - http://localhost:8080/mensajes method GET not yet implemented
[2022-10-15T12:20:02.706] [WARN] default - http://localhost:8080/views method GET not yet implemented
[2022-10-15T12:20:05.252] [WARN] default - http://localhost:8080/views method GET not yet implemented
[2022-10-15T12:20:07.606] [WARN] default - http://localhost:8080/ method GET not yet implemented
[2022-10-15T12:26:16.843] [WARN] default - http://localhost:8080/productos/ method GET not yet implemented
[2022-10-15T12:34:14.336] [WARN] default - http://localhost:8080/ method GET not yet implemented
[2022-10-15T12:34:32.100] [WARN] default - http://localhost:8080/login method GET not yet implemented
[2022-10-15T12:34:33.044] [WARN] default - http://localhost:8080/login method GET not yet implemented
[2022-10-15T12:38:17.695] [WARN] default - http://localhost:8080/script.js method GET not yet implemented
[2022-10-15T12:48:29.770] [WARN] default - http://localhost:8080/script.js method GET not yet implemented
[2022-10-15T12:48:55.503] [WARN] default - http://localhost:8080/script.js method GET not yet implemented
[2022-10-15T12:48:57.211] [WARN] default - http://localhost:8080/script.js method GET not yet implemented
[2022-10-15T12:48:58.180] [WARN] default - http://localhost:8080/script.js method GET not yet implemented
[2022-10-15T12:48:58.814] [WARN] default - http://localhost:8080/script.js method GET not yet implemented
[2022-10-15T12:48:59.744] [WARN] default - http://localhost:8080/script.js method GET not yet implemented
[2022-10-15T12:49:00.303] [WARN] default - http://localhost:8080/script.js method GET not yet implemented
[2022-10-15T12:49:00.918] [WARN] default - http://localhost:8080/script.js method GET not yet implemented
[2022-10-15T12:49:02.751] [WARN] default - http://localhost:8080/script.js method GET not yet implemented
[2022-10-15T12:49:39.592] [WARN] default - http://localhost:8080/script.js method GET not yet implemented
